F:\WorkSpace\eCFRAnalysis\eCFRApp\ClientApp\dist\out-tsc\src\app\app.component.js
F:\WorkSpace\eCFRAnalysis\eCFRApp\ClientApp\dist\out-tsc\src\app\app.component.js.map
F:\WorkSpace\eCFRAnalysis\eCFRApp\ClientApp\dist\out-tsc\src\app\app.module.js
F:\WorkSpace\eCFRAnalysis\eCFRApp\ClientApp\dist\out-tsc\src\app\app.module.js.map
F:\WorkSpace\eCFRAnalysis\eCFRApp\ClientApp\dist\out-tsc\src\environments\environment.js
F:\WorkSpace\eCFRAnalysis\eCFRApp\ClientApp\dist\out-tsc\src\environments\environment.js.map
F:\WorkSpace\eCFRAnalysis\eCFRApp\ClientApp\dist\out-tsc\src\main.js
F:\WorkSpace\eCFRAnalysis\eCFRApp\ClientApp\dist\out-tsc\src\main.js.map
F:\WorkSpace\eCFRAnalysis\eCFRApp\ClientApp\dist\out-tsc\src\polyfills.js
F:\WorkSpace\eCFRAnalysis\eCFRApp\ClientApp\dist\out-tsc\src\polyfills.js.map
F:\WorkSpace\eCFRAnalysis\eCFRApp\ClientApp\dist\out-tsc\src\test.js
F:\WorkSpace\eCFRAnalysis\eCFRApp\ClientApp\dist\out-tsc\src\test.js.map
F:\WorkSpace\eCFRAnalysis\eCFRApp\ClientApp\dist\out-tsc\e2e\src\app.po.js
F:\WorkSpace\eCFRAnalysis\eCFRApp\ClientApp\dist\out-tsc\e2e\src\app.po.js.map
F:\WorkSpace\eCFRAnalysis\eCFRApp\ClientApp\dist\out-tsc\e2e\src\app.e2e-spec.js
F:\WorkSpace\eCFRAnalysis\eCFRApp\ClientApp\dist\out-tsc\e2e\src\app.e2e-spec.js.map
F:\WorkSpace\eCFRAnalysis\eCFRApp\ClientApp\dist\out-tsc\src\app\app.component.spec.js
F:\WorkSpace\eCFRAnalysis\eCFRApp\ClientApp\dist\out-tsc\src\app\app.component.spec.js.map
F:\WorkSpace\eCFRAnalysis\eCFRApp\ClientApp\dist\out-tsc\src\environments\environment.prod.js
F:\WorkSpace\eCFRAnalysis\eCFRApp\ClientApp\dist\out-tsc\src\environments\environment.prod.js.map
F:\WorkSpace\eCFRAnalysis\eCFRApp\ClientApp\dist\out-tsc\projects\my-shared-library\src\lib\my-shared-library.service.js
F:\WorkSpace\eCFRAnalysis\eCFRApp\ClientApp\dist\out-tsc\projects\my-shared-library\src\lib\my-shared-library.service.js.map
F:\WorkSpace\eCFRAnalysis\eCFRApp\ClientApp\dist\out-tsc\projects\my-shared-library\src\lib\my-shared-library.component.js
F:\WorkSpace\eCFRAnalysis\eCFRApp\ClientApp\dist\out-tsc\projects\my-shared-library\src\lib\my-shared-library.component.js.map
F:\WorkSpace\eCFRAnalysis\eCFRApp\ClientApp\dist\out-tsc\projects\my-shared-library\src\lib\my-shared-library.module.js
F:\WorkSpace\eCFRAnalysis\eCFRApp\ClientApp\dist\out-tsc\projects\my-shared-library\src\lib\my-shared-library.module.js.map
F:\WorkSpace\eCFRAnalysis\eCFRApp\ClientApp\dist\out-tsc\projects\my-shared-library\src\public_api.js
F:\WorkSpace\eCFRAnalysis\eCFRApp\ClientApp\dist\out-tsc\projects\my-shared-library\src\public_api.js.map
F:\WorkSpace\eCFRAnalysis\eCFRApp\ClientApp\dist\out-tsc\projects\my-shared-library\src\test.js
F:\WorkSpace\eCFRAnalysis\eCFRApp\ClientApp\dist\out-tsc\projects\my-shared-library\src\test.js.map
F:\WorkSpace\eCFRAnalysis\eCFRApp\ClientApp\dist\out-tsc\projects\my-shared-library\src\lib\my-shared-library.component.spec.js
F:\WorkSpace\eCFRAnalysis\eCFRApp\ClientApp\dist\out-tsc\projects\my-shared-library\src\lib\my-shared-library.component.spec.js.map
F:\WorkSpace\eCFRAnalysis\eCFRApp\ClientApp\dist\out-tsc\projects\my-shared-library\src\lib\my-shared-library.service.spec.js
F:\WorkSpace\eCFRAnalysis\eCFRApp\ClientApp\dist\out-tsc\projects\my-shared-library\src\lib\my-shared-library.service.spec.js.map
